[debug] [2018-05-16T23:45:53.398Z] ----------------------------------------------------------------------
[debug] [2018-05-16T23:45:53.402Z] Command:       /usr/local/Cellar/node/8.9.1/bin/node /usr/local/bin/firebase deploy --only functions
[debug] [2018-05-16T23:45:53.402Z] CLI Version:   3.18.4
[debug] [2018-05-16T23:45:53.402Z] Platform:      darwin
[debug] [2018-05-16T23:45:53.402Z] Node Version:  v8.9.1
[debug] [2018-05-16T23:45:53.403Z] Time:          Wed May 16 2018 20:45:53 GMT-0300 (-03)
[debug] [2018-05-16T23:45:53.403Z] ----------------------------------------------------------------------
[debug] 
[debug] [2018-05-16T23:45:53.415Z] > command requires scopes: ["email","openid","https://www.googleapis.com/auth/cloudplatformprojects.readonly","https://www.googleapis.com/auth/firebase","https://www.googleapis.com/auth/cloud-platform"]
[debug] [2018-05-16T23:45:53.415Z] > authorizing via signed-in user
[debug] [2018-05-16T23:45:53.417Z] >>> HTTP REQUEST GET https://admin.firebase.com/v1/projects/fiapmob-50e3b  
  
 Wed May 16 2018 20:45:53 GMT-0300 (-03)
[debug] [2018-05-16T23:45:54.175Z] Error: Hostname/IP doesn't match certificate's altnames: "Host: admin.firebase.com. is not in the cert's altnames: DNS:secure.linktelwifi.com.br, DNS:www.secure.linktelwifi.com.br"
    at Object.checkServerIdentity (tls.js:222:17)
    at TLSSocket.<anonymous> (_tls_wrap.js:1109:29)
    at emitNone (events.js:106:13)
    at TLSSocket.emit (events.js:208:7)
    at TLSSocket._finishInit (_tls_wrap.js:637:8)
    at TLSWrap.ssl.onhandshakedone (_tls_wrap.js:467:38)
[error] 
[error] Error: Server Error. Hostname/IP doesn't match certificate's altnames: "Host: admin.firebase.com. is not in the cert's altnames: DNS:secure.linktelwifi.com.br, DNS:www.secure.linktelwifi.com.br"
