[debug] [2018-05-16T23:44:42.790Z] ----------------------------------------------------------------------
[debug] [2018-05-16T23:44:42.794Z] Command:       /usr/local/Cellar/node/8.9.1/bin/node /Users/alextavella/Dev/FIAP/fiap-baas/Dev/fiap-android-sensor/node_modules/.bin/firebase deploy --only functions
[debug] [2018-05-16T23:44:42.794Z] CLI Version:   3.17.7
[debug] [2018-05-16T23:44:42.794Z] Platform:      darwin
[debug] [2018-05-16T23:44:42.794Z] Node Version:  v8.9.1
[debug] [2018-05-16T23:44:42.796Z] Time:          Wed May 16 2018 20:44:42 GMT-0300 (-03)
[debug] [2018-05-16T23:44:42.796Z] ----------------------------------------------------------------------
[debug] 
[debug] [2018-05-16T23:44:42.822Z] > command requires scopes: ["email","openid","https://www.googleapis.com/auth/cloudplatformprojects.readonly","https://www.googleapis.com/auth/firebase","https://www.googleapis.com/auth/cloud-platform"]
[debug] [2018-05-16T23:44:42.822Z] > authorizing via signed-in user
[debug] [2018-05-16T23:44:42.828Z] >>> HTTP REQUEST GET https://admin.firebase.com/v1/projects/fiapmob-50e3b  
  
 Wed May 16 2018 20:44:42 GMT-0300 (-03)
[debug] [2018-05-16T23:44:43.575Z] Error: Hostname/IP doesn't match certificate's altnames: "Host: admin.firebase.com. is not in the cert's altnames: DNS:secure.linktelwifi.com.br, DNS:www.secure.linktelwifi.com.br"
    at Object.checkServerIdentity (tls.js:222:17)
    at TLSSocket.<anonymous> (_tls_wrap.js:1109:29)
    at emitNone (events.js:106:13)
    at TLSSocket.emit (events.js:208:7)
    at TLSSocket._finishInit (_tls_wrap.js:637:8)
    at TLSWrap.ssl.onhandshakedone (_tls_wrap.js:467:38)
[error] 
[error] Error: Server Error. Hostname/IP doesn't match certificate's altnames: "Host: admin.firebase.com. is not in the cert's altnames: DNS:secure.linktelwifi.com.br, DNS:www.secure.linktelwifi.com.br"
[debug] [2018-05-16T23:45:28.360Z] ----------------------------------------------------------------------
[debug] [2018-05-16T23:45:28.362Z] Command:       /usr/local/Cellar/node/8.9.1/bin/node /Users/alextavella/Dev/FIAP/fiap-baas/Dev/fiap-android-sensor/node_modules/.bin/firebase deploy --only functions
[debug] [2018-05-16T23:45:28.362Z] CLI Version:   3.17.7
[debug] [2018-05-16T23:45:28.362Z] Platform:      darwin
[debug] [2018-05-16T23:45:28.362Z] Node Version:  v8.9.1
[debug] [2018-05-16T23:45:28.363Z] Time:          Wed May 16 2018 20:45:28 GMT-0300 (-03)
[debug] [2018-05-16T23:45:28.363Z] ----------------------------------------------------------------------
[debug] 
[debug] [2018-05-16T23:45:28.374Z] > command requires scopes: ["email","openid","https://www.googleapis.com/auth/cloudplatformprojects.readonly","https://www.googleapis.com/auth/firebase","https://www.googleapis.com/auth/cloud-platform"]
[debug] [2018-05-16T23:45:28.374Z] > authorizing via signed-in user
[debug] [2018-05-16T23:45:28.376Z] >>> HTTP REQUEST GET https://admin.firebase.com/v1/projects/fiapmob-50e3b  
  
 Wed May 16 2018 20:45:28 GMT-0300 (-03)
[debug] [2018-05-16T23:45:28.924Z] Error: Hostname/IP doesn't match certificate's altnames: "Host: admin.firebase.com. is not in the cert's altnames: DNS:secure.linktelwifi.com.br, DNS:www.secure.linktelwifi.com.br"
    at Object.checkServerIdentity (tls.js:222:17)
    at TLSSocket.<anonymous> (_tls_wrap.js:1109:29)
    at emitNone (events.js:106:13)
    at TLSSocket.emit (events.js:208:7)
    at TLSSocket._finishInit (_tls_wrap.js:637:8)
    at TLSWrap.ssl.onhandshakedone (_tls_wrap.js:467:38)
[error] 
[error] Error: Server Error. Hostname/IP doesn't match certificate's altnames: "Host: admin.firebase.com. is not in the cert's altnames: DNS:secure.linktelwifi.com.br, DNS:www.secure.linktelwifi.com.br"
